[0.069s] Invoking command in '/home/rose/ros2_ws/build/shared_queues_vendor': CMAKE_PREFIX_PATH=${CMAKE_PREFIX_PATH}:/home/rose/ros2_ws/install/inventory_system:/opt/ros/humble CONDA_PROMPT_MODIFIER=(ros2_ws) /usr/bin/cmake --build /home/rose/ros2_ws/build/shared_queues_vendor -- -j16 -l16
[0.334s] [ 50%] Built target ext-concurrentqueue
[0.336s] [100%] Built target ext-singleproducerconsumer
[0.346s] Invoked command in '/home/rose/ros2_ws/build/shared_queues_vendor' returned '0': CMAKE_PREFIX_PATH=${CMAKE_PREFIX_PATH}:/home/rose/ros2_ws/install/inventory_system:/opt/ros/humble CONDA_PROMPT_MODIFIER=(ros2_ws) /usr/bin/cmake --build /home/rose/ros2_ws/build/shared_queues_vendor -- -j16 -l16
[0.388s] Invoking command in '/home/rose/ros2_ws/build/shared_queues_vendor': CMAKE_PREFIX_PATH=${CMAKE_PREFIX_PATH}:/home/rose/ros2_ws/install/inventory_system:/opt/ros/humble CONDA_PROMPT_MODIFIER=(ros2_ws) /usr/bin/cmake --install /home/rose/ros2_ws/build/shared_queues_vendor
[0.426s] -- Install configuration: ""
[0.426s] -- Up-to-date: /home/rose/ros2_ws/install/shared_queues_vendor/include/moodycamel/atomicops.h
[0.426s] -- Up-to-date: /home/rose/ros2_ws/install/shared_queues_vendor/include/moodycamel/readerwriterqueue.h
[0.427s] -- Up-to-date: /home/rose/ros2_ws/install/shared_queues_vendor/include/moodycamel/concurrentqueue.h
[0.427s] -- Up-to-date: /home/rose/ros2_ws/install/shared_queues_vendor/include/moodycamel/blockingconcurrentqueue.h
[0.427s] -- Up-to-date: /home/rose/ros2_ws/install/shared_queues_vendor/share/ament_index/resource_index/package_run_dependencies/shared_queues_vendor
[0.428s] -- Up-to-date: /home/rose/ros2_ws/install/shared_queues_vendor/share/ament_index/resource_index/parent_prefix_path/shared_queues_vendor
[0.428s] -- Up-to-date: /home/rose/ros2_ws/install/shared_queues_vendor/share/shared_queues_vendor/environment/ament_prefix_path.sh
[0.429s] -- Up-to-date: /home/rose/ros2_ws/install/shared_queues_vendor/share/shared_queues_vendor/environment/ament_prefix_path.dsv
[0.429s] -- Up-to-date: /home/rose/ros2_ws/install/shared_queues_vendor/share/shared_queues_vendor/environment/path.sh
[0.430s] -- Up-to-date: /home/rose/ros2_ws/install/shared_queues_vendor/share/shared_queues_vendor/environment/path.dsv
[0.431s] -- Up-to-date: /home/rose/ros2_ws/install/shared_queues_vendor/share/shared_queues_vendor/local_setup.bash
[0.431s] -- Up-to-date: /home/rose/ros2_ws/install/shared_queues_vendor/share/shared_queues_vendor/local_setup.sh
[0.432s] -- Up-to-date: /home/rose/ros2_ws/install/shared_queues_vendor/share/shared_queues_vendor/local_setup.zsh
[0.432s] -- Up-to-date: /home/rose/ros2_ws/install/shared_queues_vendor/share/shared_queues_vendor/local_setup.dsv
[0.432s] -- Installing: /home/rose/ros2_ws/install/shared_queues_vendor/share/shared_queues_vendor/package.dsv
[0.433s] -- Up-to-date: /home/rose/ros2_ws/install/shared_queues_vendor/share/ament_index/resource_index/packages/shared_queues_vendor
[0.433s] -- Up-to-date: /home/rose/ros2_ws/install/shared_queues_vendor/share/shared_queues_vendor/cmake/export_shared_queues_vendorExport.cmake
[0.433s] -- Up-to-date: /home/rose/ros2_ws/install/shared_queues_vendor/share/shared_queues_vendor/cmake/ament_cmake_export_include_directories-extras.cmake
[0.433s] -- Up-to-date: /home/rose/ros2_ws/install/shared_queues_vendor/share/shared_queues_vendor/cmake/ament_cmake_export_targets-extras.cmake
[0.434s] -- Up-to-date: /home/rose/ros2_ws/install/shared_queues_vendor/share/shared_queues_vendor/cmake/shared_queues_vendorConfig.cmake
[0.434s] -- Up-to-date: /home/rose/ros2_ws/install/shared_queues_vendor/share/shared_queues_vendor/cmake/shared_queues_vendorConfig-version.cmake
[0.434s] -- Up-to-date: /home/rose/ros2_ws/install/shared_queues_vendor/share/shared_queues_vendor/package.xml
[0.455s] Invoked command in '/home/rose/ros2_ws/build/shared_queues_vendor' returned '0': CMAKE_PREFIX_PATH=${CMAKE_PREFIX_PATH}:/home/rose/ros2_ws/install/inventory_system:/opt/ros/humble CONDA_PROMPT_MODIFIER=(ros2_ws) /usr/bin/cmake --install /home/rose/ros2_ws/build/shared_queues_vendor
