[0.392s] Invoking command in '/home/rose/ros2_ws/src/inventory_system': CONDA_PROMPT_MODIFIER=(ros2_ws) PYTHONPATH=/home/rose/ros2_ws/build/inventory_system/prefix_override:/home/rose/miniconda3/envs/ros2_ws/lib/python3.11/site-packages/colcon_core/task/python/colcon_distutils_commands:/home/rose/ros2_ws/install/inventory_system/lib/python3.11/site-packages:${PYTHONPATH} /home/rose/miniconda3/envs/ros2_ws/bin/python3.11 -W ignore:setup.py install is deprecated setup.py egg_info --egg-base ../../build/inventory_system build --build-base /home/rose/ros2_ws/build/inventory_system/build install --record /home/rose/ros2_ws/build/inventory_system/install.log --single-version-externally-managed install_data
[0.483s] /home/rose/miniconda3/envs/ros2_ws/lib/python3.11/site-packages/setuptools/_distutils/dist.py:268: UserWarning: Unknown distribution option: 'tests_require'
[0.483s]   warnings.warn(msg)
[0.523s] running egg_info
[0.529s] writing ../../build/inventory_system/inventory_system.egg-info/PKG-INFO
[0.530s] writing dependency_links to ../../build/inventory_system/inventory_system.egg-info/dependency_links.txt
[0.531s] writing entry points to ../../build/inventory_system/inventory_system.egg-info/entry_points.txt
[0.531s] writing requirements to ../../build/inventory_system/inventory_system.egg-info/requires.txt
[0.531s] writing top-level names to ../../build/inventory_system/inventory_system.egg-info/top_level.txt
[0.545s] reading manifest file '../../build/inventory_system/inventory_system.egg-info/SOURCES.txt'
[0.546s] writing manifest file '../../build/inventory_system/inventory_system.egg-info/SOURCES.txt'
[0.546s] running build
[0.546s] running build_py
[0.546s] copying inventory_system/object_detection_node.py -> /home/rose/ros2_ws/build/inventory_system/build/lib/inventory_system
[0.546s] copying inventory_system/video_publisher.py -> /home/rose/ros2_ws/build/inventory_system/build/lib/inventory_system
[0.547s] copying inventory_system/__init__.py -> /home/rose/ros2_ws/build/inventory_system/build/lib/inventory_system
[0.547s] running install
[0.550s] running install_lib
[0.561s] running install_data
[0.561s] copying resource/inventory_system -> /home/rose/ros2_ws/install/inventory_system/share/ament_index/resource_index/packages
[0.561s] copying package.xml -> /home/rose/ros2_ws/install/inventory_system/share/inventory_system
[0.561s] error: can't copy 'launch/multi.launch.py': doesn't exist or not a regular file
[0.600s] Invoked command in '/home/rose/ros2_ws/src/inventory_system' returned '1': CONDA_PROMPT_MODIFIER=(ros2_ws) PYTHONPATH=/home/rose/ros2_ws/build/inventory_system/prefix_override:/home/rose/miniconda3/envs/ros2_ws/lib/python3.11/site-packages/colcon_core/task/python/colcon_distutils_commands:/home/rose/ros2_ws/install/inventory_system/lib/python3.11/site-packages:${PYTHONPATH} /home/rose/miniconda3/envs/ros2_ws/bin/python3.11 -W ignore:setup.py install is deprecated setup.py egg_info --egg-base ../../build/inventory_system build --build-base /home/rose/ros2_ws/build/inventory_system/build install --record /home/rose/ros2_ws/build/inventory_system/install.log --single-version-externally-managed install_data
