[0.341s] Invoking command in '/home/rose/ros2_ws/src/inventory_system': CONDA_PROMPT_MODIFIER=(ros2_ws) PYTHONPATH=/home/rose/ros2_ws/build/inventory_system/prefix_override:/home/rose/miniconda3/envs/ros2_ws/lib/python3.11/site-packages/colcon_core/task/python/colcon_distutils_commands:/home/rose/ros2_ws/install/inventory_system/lib/python3.11/site-packages:${PYTHONPATH} /home/rose/miniconda3/envs/ros2_ws/bin/python3.11 -W ignore:setup.py install is deprecated setup.py egg_info --egg-base ../../build/inventory_system build --build-base /home/rose/ros2_ws/build/inventory_system/build install --record /home/rose/ros2_ws/build/inventory_system/install.log --single-version-externally-managed install_data
[0.430s] /home/rose/miniconda3/envs/ros2_ws/lib/python3.11/site-packages/setuptools/_distutils/dist.py:268: UserWarning: Unknown distribution option: 'tests_require'
[0.430s]   warnings.warn(msg)
[0.461s] running egg_info
[0.466s] writing ../../build/inventory_system/inventory_system.egg-info/PKG-INFO
[0.469s] writing dependency_links to ../../build/inventory_system/inventory_system.egg-info/dependency_links.txt
[0.469s] writing entry points to ../../build/inventory_system/inventory_system.egg-info/entry_points.txt
[0.469s] writing requirements to ../../build/inventory_system/inventory_system.egg-info/requires.txt
[0.470s] writing top-level names to ../../build/inventory_system/inventory_system.egg-info/top_level.txt
[0.481s] reading manifest file '../../build/inventory_system/inventory_system.egg-info/SOURCES.txt'
[0.482s] writing manifest file '../../build/inventory_system/inventory_system.egg-info/SOURCES.txt'
[0.482s] running build
[0.482s] running build_py
[0.482s] copying inventory_system/object_detection_node.py -> /home/rose/ros2_ws/build/inventory_system/build/lib/inventory_system
[0.483s] copying inventory_system/video_publisher.py -> /home/rose/ros2_ws/build/inventory_system/build/lib/inventory_system
[0.483s] copying inventory_system/__init__.py -> /home/rose/ros2_ws/build/inventory_system/build/lib/inventory_system
[0.483s] running install
[0.485s] running install_lib
[0.490s] copying /home/rose/ros2_ws/build/inventory_system/build/lib/inventory_system/video_publisher.py -> /home/rose/ros2_ws/install/inventory_system/lib/python3.11/site-packages/inventory_system
[0.490s] byte-compiling /home/rose/ros2_ws/install/inventory_system/lib/python3.11/site-packages/inventory_system/video_publisher.py to video_publisher.cpython-311.pyc
[0.491s] running install_data
[0.491s] copying resource/inventory_system -> /home/rose/ros2_ws/install/inventory_system/share/ament_index/resource_index/packages
[0.491s] copying package.xml -> /home/rose/ros2_ws/install/inventory_system/share/inventory_system
[0.491s] running install_egg_info
[0.496s] removing '/home/rose/ros2_ws/install/inventory_system/lib/python3.11/site-packages/inventory_system-0.0.0-py3.11.egg-info' (and everything under it)
[0.497s] Copying ../../build/inventory_system/inventory_system.egg-info to /home/rose/ros2_ws/install/inventory_system/lib/python3.11/site-packages/inventory_system-0.0.0-py3.11.egg-info
[0.497s] running install_scripts
[0.536s] Installing object_detection script to /home/rose/ros2_ws/install/inventory_system/lib/inventory_system
[0.536s] Installing video_publisher script to /home/rose/ros2_ws/install/inventory_system/lib/inventory_system
[0.536s] writing list of installed files to '/home/rose/ros2_ws/build/inventory_system/install.log'
[0.556s] Invoked command in '/home/rose/ros2_ws/src/inventory_system' returned '0': CONDA_PROMPT_MODIFIER=(ros2_ws) PYTHONPATH=/home/rose/ros2_ws/build/inventory_system/prefix_override:/home/rose/miniconda3/envs/ros2_ws/lib/python3.11/site-packages/colcon_core/task/python/colcon_distutils_commands:/home/rose/ros2_ws/install/inventory_system/lib/python3.11/site-packages:${PYTHONPATH} /home/rose/miniconda3/envs/ros2_ws/bin/python3.11 -W ignore:setup.py install is deprecated setup.py egg_info --egg-base ../../build/inventory_system build --build-base /home/rose/ros2_ws/build/inventory_system/build install --record /home/rose/ros2_ws/build/inventory_system/install.log --single-version-externally-managed install_data
