[0.071s] Invoking command in '/home/rose/ros2_ws/build/zstd_vendor': CMAKE_PREFIX_PATH=${CMAKE_PREFIX_PATH}:/home/rose/ros2_ws/install/inventory_system:/opt/ros/humble CONDA_PROMPT_MODIFIER=(ros2_ws) /usr/bin/cmake --build /home/rose/ros2_ws/build/zstd_vendor -- -j16 -l16
[0.365s] Invoked command in '/home/rose/ros2_ws/build/zstd_vendor' returned '0': CMAKE_PREFIX_PATH=${CMAKE_PREFIX_PATH}:/home/rose/ros2_ws/install/inventory_system:/opt/ros/humble CONDA_PROMPT_MODIFIER=(ros2_ws) /usr/bin/cmake --build /home/rose/ros2_ws/build/zstd_vendor -- -j16 -l16
[0.408s] Invoking command in '/home/rose/ros2_ws/build/zstd_vendor': CMAKE_PREFIX_PATH=${CMAKE_PREFIX_PATH}:/home/rose/ros2_ws/install/inventory_system:/opt/ros/humble CONDA_PROMPT_MODIFIER=(ros2_ws) /usr/bin/cmake --install /home/rose/ros2_ws/build/zstd_vendor
[0.437s] -- Install configuration: ""
[0.439s] -- Up-to-date: /home/rose/ros2_ws/install/zstd_vendor/share/zstd_vendor/cmake
[0.439s] -- Up-to-date: /home/rose/ros2_ws/install/zstd_vendor/share/zstd_vendor/cmake/Modules
[0.439s] -- Up-to-date: /home/rose/ros2_ws/install/zstd_vendor/share/zstd_vendor/cmake/Modules/Findzstd.cmake
[0.440s] -- Up-to-date: /home/rose/ros2_ws/install/zstd_vendor/share/ament_index/resource_index/package_run_dependencies/zstd_vendor
[0.441s] -- Up-to-date: /home/rose/ros2_ws/install/zstd_vendor/share/ament_index/resource_index/parent_prefix_path/zstd_vendor
[0.441s] -- Up-to-date: /home/rose/ros2_ws/install/zstd_vendor/share/zstd_vendor/environment/ament_prefix_path.sh
[0.442s] -- Up-to-date: /home/rose/ros2_ws/install/zstd_vendor/share/zstd_vendor/environment/ament_prefix_path.dsv
[0.443s] -- Up-to-date: /home/rose/ros2_ws/install/zstd_vendor/share/zstd_vendor/environment/path.sh
[0.443s] -- Up-to-date: /home/rose/ros2_ws/install/zstd_vendor/share/zstd_vendor/environment/path.dsv
[0.443s] -- Up-to-date: /home/rose/ros2_ws/install/zstd_vendor/share/zstd_vendor/local_setup.bash
[0.444s] -- Up-to-date: /home/rose/ros2_ws/install/zstd_vendor/share/zstd_vendor/local_setup.sh
[0.445s] -- Up-to-date: /home/rose/ros2_ws/install/zstd_vendor/share/zstd_vendor/local_setup.zsh
[0.446s] -- Up-to-date: /home/rose/ros2_ws/install/zstd_vendor/share/zstd_vendor/local_setup.dsv
[0.446s] -- Installing: /home/rose/ros2_ws/install/zstd_vendor/share/zstd_vendor/package.dsv
[0.447s] -- Up-to-date: /home/rose/ros2_ws/install/zstd_vendor/share/ament_index/resource_index/packages/zstd_vendor
[0.447s] -- Up-to-date: /home/rose/ros2_ws/install/zstd_vendor/share/zstd_vendor/cmake/zstd_vendor-extras.cmake
[0.448s] -- Up-to-date: /home/rose/ros2_ws/install/zstd_vendor/share/zstd_vendor/cmake/zstd_vendorConfig.cmake
[0.448s] -- Up-to-date: /home/rose/ros2_ws/install/zstd_vendor/share/zstd_vendor/cmake/zstd_vendorConfig-version.cmake
[0.448s] -- Up-to-date: /home/rose/ros2_ws/install/zstd_vendor/share/zstd_vendor/package.xml
[0.490s] Invoked command in '/home/rose/ros2_ws/build/zstd_vendor' returned '0': CMAKE_PREFIX_PATH=${CMAKE_PREFIX_PATH}:/home/rose/ros2_ws/install/inventory_system:/opt/ros/humble CONDA_PROMPT_MODIFIER=(ros2_ws) /usr/bin/cmake --install /home/rose/ros2_ws/build/zstd_vendor
