[0.748s] Invoking command in '/home/rose/ros2_ws/src/inventory_system': CONDA_PROMPT_MODIFIER=(ros2_ws) PYTHONPATH=/home/rose/ros2_ws/build/inventory_system/prefix_override:/usr/lib/python3/dist-packages/colcon_core/task/python/colcon_distutils_commands:/home/rose/ros2_ws/install/inventory_system/lib/python3.10/site-packages:${PYTHONPATH} /usr/bin/python3 -W ignore:setup.py install is deprecated setup.py egg_info --egg-base ../../build/inventory_system build --build-base /home/rose/ros2_ws/build/inventory_system/build install --record /home/rose/ros2_ws/build/inventory_system/install.log --single-version-externally-managed install_data
[1.005s] running egg_info
[1.007s] writing ../../build/inventory_system/inventory_system.egg-info/PKG-INFO
[1.007s] writing dependency_links to ../../build/inventory_system/inventory_system.egg-info/dependency_links.txt
[1.007s] writing entry points to ../../build/inventory_system/inventory_system.egg-info/entry_points.txt
[1.008s] writing requirements to ../../build/inventory_system/inventory_system.egg-info/requires.txt
[1.008s] writing top-level names to ../../build/inventory_system/inventory_system.egg-info/top_level.txt
[1.009s] reading manifest file '../../build/inventory_system/inventory_system.egg-info/SOURCES.txt'
[1.018s] writing manifest file '../../build/inventory_system/inventory_system.egg-info/SOURCES.txt'
[1.018s] running build
[1.018s] running build_py
[1.018s] running install
[1.019s] running install_lib
[1.020s] creating /home/rose/ros2_ws/install/inventory_system/lib/python3.10/site-packages/inventory_system
[1.021s] copying /home/rose/ros2_ws/build/inventory_system/build/lib/inventory_system/object_detection_node.py -> /home/rose/ros2_ws/install/inventory_system/lib/python3.10/site-packages/inventory_system
[1.021s] copying /home/rose/ros2_ws/build/inventory_system/build/lib/inventory_system/video_publisher.py -> /home/rose/ros2_ws/install/inventory_system/lib/python3.10/site-packages/inventory_system
[1.022s] copying /home/rose/ros2_ws/build/inventory_system/build/lib/inventory_system/__init__.py -> /home/rose/ros2_ws/install/inventory_system/lib/python3.10/site-packages/inventory_system
[1.022s] byte-compiling /home/rose/ros2_ws/install/inventory_system/lib/python3.10/site-packages/inventory_system/object_detection_node.py to object_detection_node.cpython-310.pyc
[1.025s] byte-compiling /home/rose/ros2_ws/install/inventory_system/lib/python3.10/site-packages/inventory_system/video_publisher.py to video_publisher.cpython-310.pyc
[1.025s] byte-compiling /home/rose/ros2_ws/install/inventory_system/lib/python3.10/site-packages/inventory_system/__init__.py to __init__.cpython-310.pyc
[1.026s] running install_data
[1.026s] running install_egg_info
[1.028s] Copying ../../build/inventory_system/inventory_system.egg-info to /home/rose/ros2_ws/install/inventory_system/lib/python3.10/site-packages/inventory_system-0.0.0-py3.10.egg-info
[1.030s] running install_scripts
[1.052s] Installing object_detection script to /home/rose/ros2_ws/install/inventory_system/lib/inventory_system
[1.053s] Installing video_publisher script to /home/rose/ros2_ws/install/inventory_system/lib/inventory_system
[1.053s] writing list of installed files to '/home/rose/ros2_ws/build/inventory_system/install.log'
[1.082s] Invoked command in '/home/rose/ros2_ws/src/inventory_system' returned '0': CONDA_PROMPT_MODIFIER=(ros2_ws) PYTHONPATH=/home/rose/ros2_ws/build/inventory_system/prefix_override:/usr/lib/python3/dist-packages/colcon_core/task/python/colcon_distutils_commands:/home/rose/ros2_ws/install/inventory_system/lib/python3.10/site-packages:${PYTHONPATH} /usr/bin/python3 -W ignore:setup.py install is deprecated setup.py egg_info --egg-base ../../build/inventory_system build --build-base /home/rose/ros2_ws/build/inventory_system/build install --record /home/rose/ros2_ws/build/inventory_system/install.log --single-version-externally-managed install_data
