/usr/local/lib/python3.10/dist-packages/setuptools_scm/_integration/setuptools.py:31: RuntimeWarning: 
ERROR: setuptools==59.6.0 is used in combination with setuptools_scm>=8.x

Your build configuration is incomplete and previously worked by accident!
setuptools_scm requires setuptools>=61

Suggested workaround if applicable:
 - migrating from the deprecated setup_requires mechanism to pep517/518
   and using a pyproject.toml to declare build dependencies
   which are reliably pre-installed before running the build tools

  warnings.warn(
running egg_info
writing ../../build/inventory_system/inventory_system.egg-info/PKG-INFO
writing dependency_links to ../../build/inventory_system/inventory_system.egg-info/dependency_links.txt
writing entry points to ../../build/inventory_system/inventory_system.egg-info/entry_points.txt
writing requirements to ../../build/inventory_system/inventory_system.egg-info/requires.txt
writing top-level names to ../../build/inventory_system/inventory_system.egg-info/top_level.txt
writing manifest file '../../build/inventory_system/inventory_system.egg-info/SOURCES.txt'
running build
running build_py
running install
running install_lib
running install_data
running install_egg_info
removing '/home/rose/ros2_ws/install/inventory_system/lib/python3.10/site-packages/inventory_system-0.0.0-py3.10.egg-info' (and everything under it)
Copying ../../build/inventory_system/inventory_system.egg-info to /home/rose/ros2_ws/install/inventory_system/lib/python3.10/site-packages/inventory_system-0.0.0-py3.10.egg-info
running install_scripts
Installing object_detection script to /home/rose/ros2_ws/install/inventory_system/lib/inventory_system
Installing video_publisher script to /home/rose/ros2_ws/install/inventory_system/lib/inventory_system
writing list of installed files to '/home/rose/ros2_ws/build/inventory_system/install.log'
