[0.382s] Invoking command in '/home/rose/ros2_ws/src/inventory_system': CONDA_PROMPT_MODIFIER=(ros2_ws) PYTHONPATH=/home/rose/ros2_ws/build/inventory_system/prefix_override:/usr/lib/python3/dist-packages/colcon_core/task/python/colcon_distutils_commands:/home/rose/ros2_ws/install/inventory_system/lib/python3.10/site-packages:${PYTHONPATH} /usr/bin/python3 -W ignore:setup.py install is deprecated setup.py egg_info --egg-base ../../build/inventory_system build --build-base /home/rose/ros2_ws/build/inventory_system/build install --record /home/rose/ros2_ws/build/inventory_system/install.log --single-version-externally-managed install_data
[0.527s] running egg_info
[0.528s] writing ../../build/inventory_system/inventory_system.egg-info/PKG-INFO
[0.530s] writing dependency_links to ../../build/inventory_system/inventory_system.egg-info/dependency_links.txt
[0.530s] writing entry points to ../../build/inventory_system/inventory_system.egg-info/entry_points.txt
[0.530s] writing requirements to ../../build/inventory_system/inventory_system.egg-info/requires.txt
[0.531s] writing top-level names to ../../build/inventory_system/inventory_system.egg-info/top_level.txt
[0.533s] reading manifest file '../../build/inventory_system/inventory_system.egg-info/SOURCES.txt'
[0.534s] writing manifest file '../../build/inventory_system/inventory_system.egg-info/SOURCES.txt'
[0.534s] running build
[0.534s] running build_py
[0.534s] running install
[0.535s] running install_lib
[0.536s] running install_data
[0.536s] running install_egg_info
[0.537s] removing '/home/rose/ros2_ws/install/inventory_system/lib/python3.10/site-packages/inventory_system-0.0.0-py3.10.egg-info' (and everything under it)
[0.539s] Copying ../../build/inventory_system/inventory_system.egg-info to /home/rose/ros2_ws/install/inventory_system/lib/python3.10/site-packages/inventory_system-0.0.0-py3.10.egg-info
[0.541s] running install_scripts
[0.554s] Installing object_detection script to /home/rose/ros2_ws/install/inventory_system/lib/inventory_system
[0.554s] Installing video_publisher script to /home/rose/ros2_ws/install/inventory_system/lib/inventory_system
[0.554s] writing list of installed files to '/home/rose/ros2_ws/build/inventory_system/install.log'
[0.575s] Invoked command in '/home/rose/ros2_ws/src/inventory_system' returned '0': CONDA_PROMPT_MODIFIER=(ros2_ws) PYTHONPATH=/home/rose/ros2_ws/build/inventory_system/prefix_override:/usr/lib/python3/dist-packages/colcon_core/task/python/colcon_distutils_commands:/home/rose/ros2_ws/install/inventory_system/lib/python3.10/site-packages:${PYTHONPATH} /usr/bin/python3 -W ignore:setup.py install is deprecated setup.py egg_info --egg-base ../../build/inventory_system build --build-base /home/rose/ros2_ws/build/inventory_system/build install --record /home/rose/ros2_ws/build/inventory_system/install.log --single-version-externally-managed install_data
