-- The C compiler identification is GNU 11.4.0
-- The CXX compiler identification is GNU 11.4.0
-- The ASM compiler identification is GNU
-- Found assembler: /usr/bin/cc
-- Detecting C compiler ABI info
-- Detecting C compiler ABI info - done
-- Check for working C compiler: /usr/bin/cc - skipped
-- Detecting C compile features
-- Detecting C compile features - done
-- Detecting CXX compiler ABI info
-- Detecting CXX compiler ABI info - done
-- Check for working CXX compiler: /usr/bin/c++ - skipped
-- Detecting CXX compile features
-- Detecting CXX compile features - done
-- Found ament_cmake: 1.3.10 (/opt/ros/humble/share/ament_cmake/cmake)
-- Found Python3: /home/rose/miniconda3/envs/ros2_ws/bin/python3 (found version "3.10.14") found components: Interpreter 
-- Found zstd_vendor: 0.15.12 (/home/rose/ros2_ws/install/zstd_vendor/share/zstd_vendor/cmake)
-- Found zstd: /usr/lib/x86_64-linux-gnu/libzstd.so (found version "1.4.8") 
-- Configuring done
-- Generating done
-- Build files have been written to: /home/rose/ros2_ws/build/mcap_vendor
