/home/rose/ros2_ws/install/inventory_system/lib/python3.10/site-packages/inventory_system/object_detection_node.py
/home/rose/ros2_ws/install/inventory_system/lib/python3.10/site-packages/inventory_system/rosbag_publisher.py
/home/rose/ros2_ws/install/inventory_system/lib/python3.10/site-packages/inventory_system/mp4_publisher.py
/home/rose/ros2_ws/install/inventory_system/lib/python3.10/site-packages/inventory_system/__init__.py
/home/rose/ros2_ws/install/inventory_system/lib/python3.10/site-packages/inventory_system/__pycache__/object_detection_node.cpython-310.pyc
/home/rose/ros2_ws/install/inventory_system/lib/python3.10/site-packages/inventory_system/__pycache__/rosbag_publisher.cpython-310.pyc
/home/rose/ros2_ws/install/inventory_system/lib/python3.10/site-packages/inventory_system/__pycache__/mp4_publisher.cpython-310.pyc
/home/rose/ros2_ws/install/inventory_system/lib/python3.10/site-packages/inventory_system/__pycache__/__init__.cpython-310.pyc
/home/rose/ros2_ws/install/inventory_system/share/ament_index/resource_index/packages/inventory_system
/home/rose/ros2_ws/install/inventory_system/share/inventory_system/package.xml
/home/rose/ros2_ws/install/inventory_system/share/inventory_system/launch/multilaunch.py
/home/rose/ros2_ws/install/inventory_system/lib/python3.10/site-packages/inventory_system-0.0.0-py3.10.egg-info/SOURCES.txt
/home/rose/ros2_ws/install/inventory_system/lib/python3.10/site-packages/inventory_system-0.0.0-py3.10.egg-info/PKG-INFO
/home/rose/ros2_ws/install/inventory_system/lib/python3.10/site-packages/inventory_system-0.0.0-py3.10.egg-info/zip-safe
/home/rose/ros2_ws/install/inventory_system/lib/python3.10/site-packages/inventory_system-0.0.0-py3.10.egg-info/top_level.txt
/home/rose/ros2_ws/install/inventory_system/lib/python3.10/site-packages/inventory_system-0.0.0-py3.10.egg-info/requires.txt
/home/rose/ros2_ws/install/inventory_system/lib/python3.10/site-packages/inventory_system-0.0.0-py3.10.egg-info/entry_points.txt
/home/rose/ros2_ws/install/inventory_system/lib/python3.10/site-packages/inventory_system-0.0.0-py3.10.egg-info/dependency_links.txt
/home/rose/ros2_ws/install/inventory_system/lib/inventory_system/mp4_publisher
/home/rose/ros2_ws/install/inventory_system/lib/inventory_system/object_detection
