[0.881s] Invoking command in '/home/rose/ros2_ws/src/inventory_system': CONDA_PROMPT_MODIFIER=(ros2_ws) PYTHONPATH=/home/rose/ros2_ws/build/inventory_system/prefix_override:/usr/lib/python3/dist-packages/colcon_core/task/python/colcon_distutils_commands:/home/rose/ros2_ws/install/inventory_system/lib/python3.10/site-packages:${PYTHONPATH} /usr/bin/python3 -W ignore:setup.py install is deprecated setup.py egg_info --egg-base ../../build/inventory_system build --build-base /home/rose/ros2_ws/build/inventory_system/build install --record /home/rose/ros2_ws/build/inventory_system/install.log --single-version-externally-managed install_data
[0.970s] /home/rose/miniconda3/envs/ros2_ws/lib/python3.10/site-packages/setuptools/_distutils/dist.py:261: UserWarning: Unknown distribution option: 'tests_require'
[0.970s]   warnings.warn(msg)
[1.022s] running egg_info
[1.031s] writing ../../build/inventory_system/inventory_system.egg-info/PKG-INFO
[1.032s] writing dependency_links to ../../build/inventory_system/inventory_system.egg-info/dependency_links.txt
[1.032s] writing entry points to ../../build/inventory_system/inventory_system.egg-info/entry_points.txt
[1.032s] writing requirements to ../../build/inventory_system/inventory_system.egg-info/requires.txt
[1.032s] writing top-level names to ../../build/inventory_system/inventory_system.egg-info/top_level.txt
[1.142s] writing manifest file '../../build/inventory_system/inventory_system.egg-info/SOURCES.txt'
[1.142s] running build
[1.143s] running build_py
[1.143s] copying inventory_system/object_detection_node.py -> /home/rose/ros2_ws/build/inventory_system/build/lib/inventory_system
[1.143s] copying inventory_system/video_publisher.py -> /home/rose/ros2_ws/build/inventory_system/build/lib/inventory_system
[1.143s] copying inventory_system/__init__.py -> /home/rose/ros2_ws/build/inventory_system/build/lib/inventory_system
[1.144s] running install
[1.147s] running install_lib
[1.156s] copying /home/rose/ros2_ws/build/inventory_system/build/lib/inventory_system/video_publisher.py -> /home/rose/ros2_ws/install/inventory_system/lib/python3.10/site-packages/inventory_system
[1.160s] byte-compiling /home/rose/ros2_ws/install/inventory_system/lib/python3.10/site-packages/inventory_system/video_publisher.py to video_publisher.cpython-310.pyc
[1.161s] running install_data
[1.161s] copying resource/inventory_system -> /home/rose/ros2_ws/install/inventory_system/share/ament_index/resource_index/packages
[1.162s] copying package.xml -> /home/rose/ros2_ws/install/inventory_system/share/inventory_system
[1.162s] copying launch/multilaunch.py -> /home/rose/ros2_ws/install/inventory_system/share/inventory_system/launch
[1.164s] running install_egg_info
[1.175s] removing '/home/rose/ros2_ws/install/inventory_system/lib/python3.10/site-packages/inventory_system-0.0.0-py3.10.egg-info' (and everything under it)
[1.177s] Copying ../../build/inventory_system/inventory_system.egg-info to /home/rose/ros2_ws/install/inventory_system/lib/python3.10/site-packages/inventory_system-0.0.0-py3.10.egg-info
[1.179s] running install_scripts
[1.263s] Installing object_detection script to /home/rose/ros2_ws/install/inventory_system/lib/inventory_system
[1.263s] Installing video_publisher script to /home/rose/ros2_ws/install/inventory_system/lib/inventory_system
[1.263s] writing list of installed files to '/home/rose/ros2_ws/build/inventory_system/install.log'
[1.292s] Invoked command in '/home/rose/ros2_ws/src/inventory_system' returned '0': CONDA_PROMPT_MODIFIER=(ros2_ws) PYTHONPATH=/home/rose/ros2_ws/build/inventory_system/prefix_override:/usr/lib/python3/dist-packages/colcon_core/task/python/colcon_distutils_commands:/home/rose/ros2_ws/install/inventory_system/lib/python3.10/site-packages:${PYTHONPATH} /usr/bin/python3 -W ignore:setup.py install is deprecated setup.py egg_info --egg-base ../../build/inventory_system build --build-base /home/rose/ros2_ws/build/inventory_system/build install --record /home/rose/ros2_ws/build/inventory_system/install.log --single-version-externally-managed install_data
