[0.050s] Invoking command in '/home/rose/ros2_ws/build/rosbag2_interfaces': CMAKE_PREFIX_PATH=/home/rose/ros2_ws/install/inventory_system:/opt/ros/humble CONDA_PROMPT_MODIFIER=(ros2_ws) /usr/bin/cmake /home/rose/ros2_ws/src/rosbag2/rosbag2_interfaces -DCMAKE_INSTALL_PREFIX=/home/rose/ros2_ws/install/rosbag2_interfaces
[0.066s] -- Found ament_cmake: 1.3.10 (/opt/ros/humble/share/ament_cmake/cmake)
[0.214s] -- Found builtin_interfaces: 1.2.1 (/opt/ros/humble/share/builtin_interfaces/cmake)
[0.323s] -- Found rosidl_generator_c: 3.1.5 (/opt/ros/humble/share/rosidl_generator_c/cmake)
[0.326s] -- Found rosidl_adapter: 3.1.5 (/opt/ros/humble/share/rosidl_adapter/cmake)
[0.333s] -- Found rosidl_generator_cpp: 3.1.5 (/opt/ros/humble/share/rosidl_generator_cpp/cmake)
[0.345s] -- Using all available rosidl_typesupport_c: rosidl_typesupport_fastrtps_c;rosidl_typesupport_introspection_c
[0.364s] -- Using all available rosidl_typesupport_cpp: rosidl_typesupport_fastrtps_cpp;rosidl_typesupport_introspection_cpp
[0.382s] -- Found rosidl_default_generators: 1.2.0 (/opt/ros/humble/share/rosidl_default_generators/cmake)
[0.548s] [31mCMake Error at /opt/ros/humble/share/rosidl_adapter/cmake/rosidl_adapt_interfaces.cmake:59 (message):
[0.548s]   execute_process(/home/rose/miniconda3/envs/ros2_ws/bin/python3 -m
[0.548s]   rosidl_adapter --package-name rosbag2_interfaces --arguments-file
[0.549s]   /home/rose/ros2_ws/build/rosbag2_interfaces/rosidl_adapter__arguments__rosbag2_interfaces.json
[0.549s]   --output-dir
[0.549s]   /home/rose/ros2_ws/build/rosbag2_interfaces/rosidl_adapter/rosbag2_interfaces
[0.549s]   --output-file
[0.550s]   /home/rose/ros2_ws/build/rosbag2_interfaces/rosidl_adapter/rosbag2_interfaces.idls)
[0.550s]   returned error code 1:
[0.550s] 
[0.550s]   AttributeError processing template 'msg.idl.em'
[0.551s] 
[0.551s]   Traceback (most recent call last):
[0.551s] 
[0.551s]     File "/opt/ros/humble/local/lib/python3.10/dist-packages/rosidl_adapter/resource/__init__.py", line 51, in evaluate_template
[0.552s]       em.BUFFERED_OPT: True,
[0.552s] 
[0.552s]   AttributeError: module 'em' has no attribute 'BUFFERED_OPT'
[0.553s] 
[0.553s]   
[0.553s] 
[0.553s]   During handling of the above exception, another exception occurred:
[0.554s] 
[0.554s]   
[0.554s] 
[0.554s]   Traceback (most recent call last):
[0.555s] 
[0.555s]     File "/home/rose/miniconda3/envs/ros2_ws/lib/python3.10/runpy.py", line 196, in _run_module_as_main
[0.556s]       return _run_code(code, main_globals, None,
[0.556s]     File "/home/rose/miniconda3/envs/ros2_ws/lib/python3.10/runpy.py", line 86, in _run_code
[0.556s]       exec(code, run_globals)
[0.557s]     File "/opt/ros/humble/local/lib/python3.10/dist-packages/rosidl_adapter/__main__.py", line 19, in <module>
[0.557s]       sys.exit(main())
[0.557s]     File "/opt/ros/humble/local/lib/python3.10/dist-packages/rosidl_adapter/main.py", line 53, in main
[0.557s]       abs_idl_file = convert_to_idl(
[0.558s]     File "/opt/ros/humble/local/lib/python3.10/dist-packages/rosidl_adapter/__init__.py", line 19, in convert_to_idl
[0.558s]       return convert_msg_to_idl(
[0.558s]     File "/opt/ros/humble/local/lib/python3.10/dist-packages/rosidl_adapter/msg/__init__.py", line 39, in convert_msg_to_idl
[0.559s]       expand_template('msg.idl.em', data, output_file, encoding='iso-8859-1')
[0.559s]     File "/opt/ros/humble/local/lib/python3.10/dist-packages/rosidl_adapter/resource/__init__.py", line 23, in expand_template
[0.559s]       content = evaluate_template(template_name, data)
[0.560s]     File "/opt/ros/humble/local/lib/python3.10/dist-packages/rosidl_adapter/resource/__init__.py", line 69, in evaluate_template
[0.560s]       _interpreter.shutdown()
[0.560s] 
[0.560s]   AttributeError: 'NoneType' object has no attribute 'shutdown'
[0.561s] 
[0.561s] Call Stack (most recent call first):
[0.561s]   /opt/ros/humble/share/rosidl_cmake/cmake/rosidl_generate_interfaces.cmake:130 (rosidl_adapt_interfaces)
[0.561s]   CMakeLists.txt:15 (rosidl_generate_interfaces)
[0.562s] 
[0.562s] [0m
[0.562s] -- Configuring incomplete, errors occurred!
[0.562s] See also "/home/rose/ros2_ws/build/rosbag2_interfaces/CMakeFiles/CMakeOutput.log".
[0.600s] Invoked command in '/home/rose/ros2_ws/build/rosbag2_interfaces' returned '1': CMAKE_PREFIX_PATH=/home/rose/ros2_ws/install/inventory_system:/opt/ros/humble CONDA_PROMPT_MODIFIER=(ros2_ws) /usr/bin/cmake /home/rose/ros2_ws/src/rosbag2/rosbag2_interfaces -DCMAKE_INSTALL_PREFIX=/home/rose/ros2_ws/install/rosbag2_interfaces
