[0.806s] Invoking command in '/home/rose/ros2_ws/src/inventory_system': CONDA_PROMPT_MODIFIER=(ros2_ws) PYTHONPATH=/home/rose/ros2_ws/build/inventory_system/prefix_override:/usr/lib/python3/dist-packages/colcon_core/task/python/colcon_distutils_commands:/home/rose/ros2_ws/install/inventory_system/lib/python3.10/site-packages:${PYTHONPATH} /usr/bin/python3 -W ignore:setup.py install is deprecated setup.py egg_info --egg-base ../../build/inventory_system build --build-base /home/rose/ros2_ws/build/inventory_system/build install --record /home/rose/ros2_ws/build/inventory_system/install.log --single-version-externally-managed install_data
[0.896s] /home/rose/miniconda3/envs/ros2_ws/lib/python3.10/site-packages/setuptools/_distutils/dist.py:261: UserWarning: Unknown distribution option: 'tests_require'
[0.896s]   warnings.warn(msg)
[0.956s] running egg_info
[0.964s] writing ../../build/inventory_system/inventory_system.egg-info/PKG-INFO
[0.965s] writing dependency_links to ../../build/inventory_system/inventory_system.egg-info/dependency_links.txt
[0.965s] writing entry points to ../../build/inventory_system/inventory_system.egg-info/entry_points.txt
[0.965s] writing requirements to ../../build/inventory_system/inventory_system.egg-info/requires.txt
[0.965s] writing top-level names to ../../build/inventory_system/inventory_system.egg-info/top_level.txt
[1.078s] writing manifest file '../../build/inventory_system/inventory_system.egg-info/SOURCES.txt'
[1.079s] running build
[1.079s] running build_py
[1.079s] copying inventory_system/object_detection_node.py -> /home/rose/ros2_ws/build/inventory_system/build/lib/inventory_system
[1.080s] copying inventory_system/video_publisher.py -> /home/rose/ros2_ws/build/inventory_system/build/lib/inventory_system
[1.080s] copying inventory_system/__init__.py -> /home/rose/ros2_ws/build/inventory_system/build/lib/inventory_system
[1.081s] running install
[1.084s] running install_lib
[1.094s] copying /home/rose/ros2_ws/build/inventory_system/build/lib/inventory_system/video_publisher.py -> /home/rose/ros2_ws/install/inventory_system/lib/python3.10/site-packages/inventory_system
[1.096s] byte-compiling /home/rose/ros2_ws/install/inventory_system/lib/python3.10/site-packages/inventory_system/video_publisher.py to video_publisher.cpython-310.pyc
[1.096s] running install_data
[1.096s] copying resource/inventory_system -> /home/rose/ros2_ws/install/inventory_system/share/ament_index/resource_index/packages
[1.097s] copying package.xml -> /home/rose/ros2_ws/install/inventory_system/share/inventory_system
[1.097s] copying launch/multilaunch.py -> /home/rose/ros2_ws/install/inventory_system/share/inventory_system/launch
[1.100s] running install_egg_info
[1.108s] removing '/home/rose/ros2_ws/install/inventory_system/lib/python3.10/site-packages/inventory_system-0.0.0-py3.10.egg-info' (and everything under it)
[1.111s] Copying ../../build/inventory_system/inventory_system.egg-info to /home/rose/ros2_ws/install/inventory_system/lib/python3.10/site-packages/inventory_system-0.0.0-py3.10.egg-info
[1.112s] running install_scripts
[1.196s] Installing object_detection script to /home/rose/ros2_ws/install/inventory_system/lib/inventory_system
[1.196s] Installing video_publisher script to /home/rose/ros2_ws/install/inventory_system/lib/inventory_system
[1.196s] writing list of installed files to '/home/rose/ros2_ws/build/inventory_system/install.log'
[1.241s] Invoked command in '/home/rose/ros2_ws/src/inventory_system' returned '0': CONDA_PROMPT_MODIFIER=(ros2_ws) PYTHONPATH=/home/rose/ros2_ws/build/inventory_system/prefix_override:/usr/lib/python3/dist-packages/colcon_core/task/python/colcon_distutils_commands:/home/rose/ros2_ws/install/inventory_system/lib/python3.10/site-packages:${PYTHONPATH} /usr/bin/python3 -W ignore:setup.py install is deprecated setup.py egg_info --egg-base ../../build/inventory_system build --build-base /home/rose/ros2_ws/build/inventory_system/build install --record /home/rose/ros2_ws/build/inventory_system/install.log --single-version-externally-managed install_data
