[0.762s] Invoking command in '/home/rose/ros2_ws/src/inventory_system': CONDA_PROMPT_MODIFIER=(ros2_ws) PYTHONPATH=/home/rose/ros2_ws/build/inventory_system/prefix_override:/usr/lib/python3/dist-packages/colcon_core/task/python/colcon_distutils_commands:/home/rose/ros2_ws/install/inventory_system/lib/python3.10/site-packages:${PYTHONPATH} /usr/bin/python3 -W ignore:setup.py install is deprecated setup.py egg_info --egg-base ../../build/inventory_system build --build-base /home/rose/ros2_ws/build/inventory_system/build install --record /home/rose/ros2_ws/build/inventory_system/install.log --single-version-externally-managed install_data
[1.035s] running egg_info
[1.036s] writing ../../build/inventory_system/inventory_system.egg-info/PKG-INFO
[1.036s] writing dependency_links to ../../build/inventory_system/inventory_system.egg-info/dependency_links.txt
[1.037s] writing entry points to ../../build/inventory_system/inventory_system.egg-info/entry_points.txt
[1.037s] writing requirements to ../../build/inventory_system/inventory_system.egg-info/requires.txt
[1.037s] writing top-level names to ../../build/inventory_system/inventory_system.egg-info/top_level.txt
[1.040s] reading manifest file '../../build/inventory_system/inventory_system.egg-info/SOURCES.txt'
[1.041s] writing manifest file '../../build/inventory_system/inventory_system.egg-info/SOURCES.txt'
[1.041s] running build
[1.041s] running build_py
[1.042s] running install
[1.042s] running install_lib
[1.044s] running install_data
[1.044s] running install_egg_info
[1.047s] removing '/home/rose/ros2_ws/install/inventory_system/lib/python3.10/site-packages/inventory_system-0.0.0-py3.10.egg-info' (and everything under it)
[1.047s] Copying ../../build/inventory_system/inventory_system.egg-info to /home/rose/ros2_ws/install/inventory_system/lib/python3.10/site-packages/inventory_system-0.0.0-py3.10.egg-info
[1.049s] running install_scripts
[1.081s] Installing object_detection script to /home/rose/ros2_ws/install/inventory_system/lib/inventory_system
[1.081s] Installing video_publisher script to /home/rose/ros2_ws/install/inventory_system/lib/inventory_system
[1.081s] writing list of installed files to '/home/rose/ros2_ws/build/inventory_system/install.log'
[1.118s] Invoked command in '/home/rose/ros2_ws/src/inventory_system' returned '0': CONDA_PROMPT_MODIFIER=(ros2_ws) PYTHONPATH=/home/rose/ros2_ws/build/inventory_system/prefix_override:/usr/lib/python3/dist-packages/colcon_core/task/python/colcon_distutils_commands:/home/rose/ros2_ws/install/inventory_system/lib/python3.10/site-packages:${PYTHONPATH} /usr/bin/python3 -W ignore:setup.py install is deprecated setup.py egg_info --egg-base ../../build/inventory_system build --build-base /home/rose/ros2_ws/build/inventory_system/build install --record /home/rose/ros2_ws/build/inventory_system/install.log --single-version-externally-managed install_data
