[0.055s] Invoking command in '/home/rose/ros2_ws/build/rosbag2_storage': CMAKE_PREFIX_PATH=/home/rose/ros2_ws/install/rosbag2_test_common:/home/rose/ros2_ws/install/zstd_vendor:/home/rose/ros2_ws/install/sqlite3_vendor:/home/rose/ros2_ws/install/shared_queues_vendor:/home/rose/ros2_ws/install/inventory_system:/opt/ros/humble CONDA_PROMPT_MODIFIER=(ros2_ws) /usr/bin/cmake /home/rose/ros2_ws/src/rosbag2/rosbag2_storage -DCMAKE_INSTALL_PREFIX=/home/rose/ros2_ws/install/rosbag2_storage
[0.194s] -- The C compiler identification is GNU 11.4.0
[0.638s] -- The CXX compiler identification is GNU 11.4.0
[0.965s] -- Detecting C compiler ABI info
[1.107s] -- Detecting C compiler ABI info - done
[1.117s] -- Check for working C compiler: /usr/bin/cc - skipped
[1.117s] -- Detecting C compile features
[1.117s] -- Detecting C compile features - done
[1.121s] -- Detecting CXX compiler ABI info
[1.296s] -- Detecting CXX compiler ABI info - done
[1.305s] -- Check for working CXX compiler: /usr/bin/c++ - skipped
[1.305s] -- Detecting CXX compile features
[1.305s] -- Detecting CXX compile features - done
[1.308s] -- Found ament_cmake: 1.3.10 (/opt/ros/humble/share/ament_cmake/cmake)
[1.779s] -- Found Python3: /home/rose/miniconda3/envs/ros2_ws/bin/python3 (found version "3.10.14") found components: Interpreter 
[1.899s] -- Found pluginlib: 5.1.0 (/opt/ros/humble/share/pluginlib/cmake)
[3.214s] -- Found yaml_cpp_vendor: 8.0.2 (/opt/ros/humble/share/yaml_cpp_vendor/cmake)
[3.226s] -- Found ament_lint_auto: 0.12.11 (/opt/ros/humble/share/ament_lint_auto/cmake)
[3.229s] -- Found ament_cmake_gmock: 1.3.10 (/opt/ros/humble/share/ament_cmake_gmock/cmake)
[3.230s] -- Found rosbag2_test_common: 0.15.12 (/home/rose/ros2_ws/install/rosbag2_test_common/share/rosbag2_test_common/cmake)
[3.271s] -- Found rosidl_generator_c: 3.1.5 (/opt/ros/humble/share/rosidl_generator_c/cmake)
[3.279s] -- Found rosidl_adapter: 3.1.5 (/opt/ros/humble/share/rosidl_adapter/cmake)
[3.290s] -- Found rosidl_generator_cpp: 3.1.5 (/opt/ros/humble/share/rosidl_generator_cpp/cmake)
[3.310s] -- Using all available rosidl_typesupport_c: rosidl_typesupport_fastrtps_c;rosidl_typesupport_introspection_c
[3.330s] -- Using all available rosidl_typesupport_cpp: rosidl_typesupport_fastrtps_cpp;rosidl_typesupport_introspection_cpp
[3.389s] -- Found rmw_implementation_cmake: 6.1.2 (/opt/ros/humble/share/rmw_implementation_cmake/cmake)
[3.393s] -- Found rmw_fastrtps_cpp: 6.2.7 (/opt/ros/humble/share/rmw_fastrtps_cpp/cmake)
[3.433s] -- Found TinyXML2 via Config file: TinyXML2_DIR-NOTFOUND
[3.494s] -- Found OpenSSL: /usr/lib/x86_64-linux-gnu/libcrypto.so (found version "3.0.2")  
[3.498s] -- Found TinyXML2 via Config file: TinyXML2_DIR-NOTFOUND
[3.653s] -- Found FastRTPS: /opt/ros/humble/include  
[3.661s] -- Found TinyXML2 via Config file: TinyXML2_DIR-NOTFOUND
[3.675s] -- Found TinyXML2 via Config file: TinyXML2_DIR-NOTFOUND
[3.748s] -- Using RMW implementation 'rmw_fastrtps_cpp' as default
[3.759s] -- Looking for pthread.h
[3.905s] -- Looking for pthread.h - found
[3.905s] -- Performing Test CMAKE_HAVE_LIBC_PTHREAD
[4.055s] -- Performing Test CMAKE_HAVE_LIBC_PTHREAD - Success
[4.057s] -- Found Threads: TRUE  
[4.269s] -- Found gmock sources under '/opt/ros/humble/src/gmock_vendor': C++ tests using 'Google Mock' will be built
[4.277s] -- Found gtest sources under '/opt/ros/humble/src/gtest_vendor': C++ tests using 'Google Test' will be built
[4.289s] -- Added test 'copyright' to check source files copyright and LICENSE
[4.292s] -- Added test 'cppcheck' to perform static code analysis on C / C++ code
[4.293s] -- Configured cppcheck include dirs: $<BUILD_INTERFACE:/home/rose/ros2_ws/src/rosbag2/rosbag2_storage/include>
[4.293s] -- Configured cppcheck exclude dirs and/or files: 
[4.296s] -- Added test 'cpplint' to check C / C++ code against the Google style
[4.296s] -- Configured cpplint exclude dirs and/or files: 
[4.298s] -- Added test 'lint_cmake' to check CMake code style
[4.302s] -- Added test 'uncrustify' to check C / C++ code style
[4.303s] -- Configured uncrustify additional arguments: 
[4.304s] -- Added test 'xmllint' to check XML markup files
[4.307s] -- Configuring done
[4.363s] -- Generating done
[4.368s] -- Build files have been written to: /home/rose/ros2_ws/build/rosbag2_storage
