[0.052s] Invoking command in '/home/rose/ros2_ws/build/shared_queues_vendor': CMAKE_PREFIX_PATH=/home/rose/ros2_ws/install/inventory_system:/opt/ros/humble CONDA_PROMPT_MODIFIER=(ros2_ws) /usr/bin/cmake --build /home/rose/ros2_ws/build/shared_queues_vendor -- -j16 -l16
[0.110s] [100%] Built target ext-singleproducerconsumer
[0.110s] [100%] Built target ext-concurrentqueue
[0.366s] Invoked command in '/home/rose/ros2_ws/build/shared_queues_vendor' returned '0': CMAKE_PREFIX_PATH=/home/rose/ros2_ws/install/inventory_system:/opt/ros/humble CONDA_PROMPT_MODIFIER=(ros2_ws) /usr/bin/cmake --build /home/rose/ros2_ws/build/shared_queues_vendor -- -j16 -l16
[0.418s] Invoking command in '/home/rose/ros2_ws/build/shared_queues_vendor': CMAKE_PREFIX_PATH=/home/rose/ros2_ws/install/inventory_system:/opt/ros/humble CONDA_PROMPT_MODIFIER=(ros2_ws) /usr/bin/cmake --install /home/rose/ros2_ws/build/shared_queues_vendor
[0.452s] -- Install configuration: ""
[0.452s] -- Installing: /home/rose/ros2_ws/install/shared_queues_vendor/include/moodycamel/atomicops.h
[0.453s] -- Installing: /home/rose/ros2_ws/install/shared_queues_vendor/include/moodycamel/readerwriterqueue.h
[0.453s] -- Installing: /home/rose/ros2_ws/install/shared_queues_vendor/include/moodycamel/concurrentqueue.h
[0.454s] -- Installing: /home/rose/ros2_ws/install/shared_queues_vendor/include/moodycamel/blockingconcurrentqueue.h
[0.454s] -- Installing: /home/rose/ros2_ws/install/shared_queues_vendor/share/ament_index/resource_index/package_run_dependencies/shared_queues_vendor
[0.454s] -- Installing: /home/rose/ros2_ws/install/shared_queues_vendor/share/ament_index/resource_index/parent_prefix_path/shared_queues_vendor
[0.457s] -- Installing: /home/rose/ros2_ws/install/shared_queues_vendor/share/shared_queues_vendor/environment/ament_prefix_path.sh
[0.457s] -- Installing: /home/rose/ros2_ws/install/shared_queues_vendor/share/shared_queues_vendor/environment/ament_prefix_path.dsv
[0.458s] -- Installing: /home/rose/ros2_ws/install/shared_queues_vendor/share/shared_queues_vendor/environment/path.sh
[0.458s] -- Installing: /home/rose/ros2_ws/install/shared_queues_vendor/share/shared_queues_vendor/environment/path.dsv
[0.458s] -- Installing: /home/rose/ros2_ws/install/shared_queues_vendor/share/shared_queues_vendor/local_setup.bash
[0.458s] -- Installing: /home/rose/ros2_ws/install/shared_queues_vendor/share/shared_queues_vendor/local_setup.sh
[0.459s] -- Installing: /home/rose/ros2_ws/install/shared_queues_vendor/share/shared_queues_vendor/local_setup.zsh
[0.459s] -- Installing: /home/rose/ros2_ws/install/shared_queues_vendor/share/shared_queues_vendor/local_setup.dsv
[0.459s] -- Installing: /home/rose/ros2_ws/install/shared_queues_vendor/share/shared_queues_vendor/package.dsv
[0.459s] -- Installing: /home/rose/ros2_ws/install/shared_queues_vendor/share/ament_index/resource_index/packages/shared_queues_vendor
[0.461s] -- Installing: /home/rose/ros2_ws/install/shared_queues_vendor/share/shared_queues_vendor/cmake/export_shared_queues_vendorExport.cmake
[0.461s] -- Installing: /home/rose/ros2_ws/install/shared_queues_vendor/share/shared_queues_vendor/cmake/ament_cmake_export_include_directories-extras.cmake
[0.461s] -- Installing: /home/rose/ros2_ws/install/shared_queues_vendor/share/shared_queues_vendor/cmake/ament_cmake_export_targets-extras.cmake
[0.462s] -- Installing: /home/rose/ros2_ws/install/shared_queues_vendor/share/shared_queues_vendor/cmake/shared_queues_vendorConfig.cmake
[0.462s] -- Installing: /home/rose/ros2_ws/install/shared_queues_vendor/share/shared_queues_vendor/cmake/shared_queues_vendorConfig-version.cmake
[0.462s] -- Installing: /home/rose/ros2_ws/install/shared_queues_vendor/share/shared_queues_vendor/package.xml
[0.500s] Invoked command in '/home/rose/ros2_ws/build/shared_queues_vendor' returned '0': CMAKE_PREFIX_PATH=/home/rose/ros2_ws/install/inventory_system:/opt/ros/humble CONDA_PROMPT_MODIFIER=(ros2_ws) /usr/bin/cmake --install /home/rose/ros2_ws/build/shared_queues_vendor
