[0.047s] Invoking command in '/home/rose/ros2_ws/build/rosbag2_interfaces': CMAKE_PREFIX_PATH=/home/rose/ros2_ws/install/inventory_system:/opt/ros/humble CONDA_PROMPT_MODIFIER=(ros2_ws) /usr/bin/cmake /home/rose/ros2_ws/src/rosbag2/rosbag2_interfaces -DCMAKE_INSTALL_PREFIX=/home/rose/ros2_ws/install/rosbag2_interfaces
[0.378s] -- The C compiler identification is GNU 11.4.0
[0.844s] -- The CXX compiler identification is GNU 11.4.0
[1.195s] -- Detecting C compiler ABI info
[1.351s] -- Detecting C compiler ABI info - done
[1.365s] -- Check for working C compiler: /usr/bin/cc - skipped
[1.366s] -- Detecting C compile features
[1.366s] -- Detecting C compile features - done
[1.371s] -- Detecting CXX compiler ABI info
[1.570s] -- Detecting CXX compiler ABI info - done
[1.580s] -- Check for working CXX compiler: /usr/bin/c++ - skipped
[1.580s] -- Detecting CXX compile features
[1.580s] -- Detecting CXX compile features - done
[1.583s] -- Found ament_cmake: 1.3.10 (/opt/ros/humble/share/ament_cmake/cmake)
[2.089s] -- Found Python3: /home/rose/miniconda3/envs/ros2_ws/bin/python3 (found version "3.10.14") found components: Interpreter 
[2.222s] -- Found builtin_interfaces: 1.2.1 (/opt/ros/humble/share/builtin_interfaces/cmake)
[2.352s] -- Found rosidl_generator_c: 3.1.5 (/opt/ros/humble/share/rosidl_generator_c/cmake)
[2.358s] -- Found rosidl_adapter: 3.1.5 (/opt/ros/humble/share/rosidl_adapter/cmake)
[2.367s] -- Found rosidl_generator_cpp: 3.1.5 (/opt/ros/humble/share/rosidl_generator_cpp/cmake)
[2.383s] -- Using all available rosidl_typesupport_c: rosidl_typesupport_fastrtps_c;rosidl_typesupport_introspection_c
[2.408s] -- Using all available rosidl_typesupport_cpp: rosidl_typesupport_fastrtps_cpp;rosidl_typesupport_introspection_cpp
[2.427s] -- Found rosidl_default_generators: 1.2.0 (/opt/ros/humble/share/rosidl_default_generators/cmake)
[2.567s] [31mCMake Error at /opt/ros/humble/share/rosidl_adapter/cmake/rosidl_adapt_interfaces.cmake:59 (message):
[2.567s]   execute_process(/home/rose/miniconda3/envs/ros2_ws/bin/python3 -m
[2.567s]   rosidl_adapter --package-name rosbag2_interfaces --arguments-file
[2.568s]   /home/rose/ros2_ws/build/rosbag2_interfaces/rosidl_adapter__arguments__rosbag2_interfaces.json
[2.568s]   --output-dir
[2.568s]   /home/rose/ros2_ws/build/rosbag2_interfaces/rosidl_adapter/rosbag2_interfaces
[2.569s]   --output-file
[2.569s]   /home/rose/ros2_ws/build/rosbag2_interfaces/rosidl_adapter/rosbag2_interfaces.idls)
[2.569s]   returned error code 1:
[2.570s] 
[2.570s]   Traceback (most recent call last):
[2.572s] 
[2.572s]     File "/home/rose/miniconda3/envs/ros2_ws/lib/python3.10/runpy.py", line 196, in _run_module_as_main
[2.573s]       return _run_code(code, main_globals, None,
[2.573s]     File "/home/rose/miniconda3/envs/ros2_ws/lib/python3.10/runpy.py", line 86, in _run_code
[2.573s]       exec(code, run_globals)
[2.573s]     File "/opt/ros/humble/local/lib/python3.10/dist-packages/rosidl_adapter/__main__.py", line 19, in <module>
[2.575s]       sys.exit(main())
[2.576s]     File "/opt/ros/humble/local/lib/python3.10/dist-packages/rosidl_adapter/main.py", line 53, in main
[2.576s]       abs_idl_file = convert_to_idl(
[2.576s]     File "/opt/ros/humble/local/lib/python3.10/dist-packages/rosidl_adapter/__init__.py", line 18, in convert_to_idl
[2.576s]       from rosidl_adapter.msg import convert_msg_to_idl
[2.577s]     File "/opt/ros/humble/local/lib/python3.10/dist-packages/rosidl_adapter/msg/__init__.py", line 16, in <module>
[2.577s]       from rosidl_adapter.resource import expand_template
[2.577s]     File "/opt/ros/humble/local/lib/python3.10/dist-packages/rosidl_adapter/resource/__init__.py", line 19, in <module>
[2.578s]       import em
[2.578s] 
[2.578s]   ModuleNotFoundError: No module named 'em'
[2.578s] 
[2.578s] Call Stack (most recent call first):
[2.578s]   /opt/ros/humble/share/rosidl_cmake/cmake/rosidl_generate_interfaces.cmake:130 (rosidl_adapt_interfaces)
[2.578s]   CMakeLists.txt:15 (rosidl_generate_interfaces)
[2.578s] 
[2.578s] [0m
[2.579s] -- Configuring incomplete, errors occurred!
[2.579s] See also "/home/rose/ros2_ws/build/rosbag2_interfaces/CMakeFiles/CMakeOutput.log".
