[0.501s] Invoking command in '/home/rose/ros2_ws/src/inventory_system': CONDA_PROMPT_MODIFIER=(ros2_ws) PYTHONPATH=/home/rose/ros2_ws/build/inventory_system/prefix_override:/home/rose/miniconda3/envs/ros2_ws/lib/python3.11/site-packages/colcon_core/task/python/colcon_distutils_commands:/home/rose/ros2_ws/install/inventory_system/lib/python3.11/site-packages:${PYTHONPATH} /home/rose/miniconda3/envs/ros2_ws/bin/python3.11 -W ignore:setup.py install is deprecated setup.py egg_info --egg-base ../../build/inventory_system build --build-base /home/rose/ros2_ws/build/inventory_system/build install --record /home/rose/ros2_ws/build/inventory_system/install.log --single-version-externally-managed install_data
[0.610s] /home/rose/miniconda3/envs/ros2_ws/lib/python3.11/site-packages/setuptools/_distutils/dist.py:268: UserWarning: Unknown distribution option: 'tests_require'
[0.611s]   warnings.warn(msg)
[0.661s] running egg_info
[0.666s] writing ../../build/inventory_system/inventory_system.egg-info/PKG-INFO
[0.666s] writing dependency_links to ../../build/inventory_system/inventory_system.egg-info/dependency_links.txt
[0.667s] writing entry points to ../../build/inventory_system/inventory_system.egg-info/entry_points.txt
[0.667s] writing requirements to ../../build/inventory_system/inventory_system.egg-info/requires.txt
[0.667s] writing top-level names to ../../build/inventory_system/inventory_system.egg-info/top_level.txt
[0.679s] reading manifest file '../../build/inventory_system/inventory_system.egg-info/SOURCES.txt'
[0.680s] writing manifest file '../../build/inventory_system/inventory_system.egg-info/SOURCES.txt'
[0.680s] running build
[0.680s] running build_py
[0.680s] copying inventory_system/object_detection_node.py -> /home/rose/ros2_ws/build/inventory_system/build/lib/inventory_system
[0.680s] copying inventory_system/video_publisher.py -> /home/rose/ros2_ws/build/inventory_system/build/lib/inventory_system
[0.680s] copying inventory_system/__init__.py -> /home/rose/ros2_ws/build/inventory_system/build/lib/inventory_system
[0.681s] running install
[0.683s] running install_lib
[0.688s] copying /home/rose/ros2_ws/build/inventory_system/build/lib/inventory_system/video_publisher.py -> /home/rose/ros2_ws/install/inventory_system/lib/python3.11/site-packages/inventory_system
[0.689s] byte-compiling /home/rose/ros2_ws/install/inventory_system/lib/python3.11/site-packages/inventory_system/video_publisher.py to video_publisher.cpython-311.pyc
[0.689s] running install_data
[0.689s] copying resource/inventory_system -> /home/rose/ros2_ws/install/inventory_system/share/ament_index/resource_index/packages
[0.689s] copying package.xml -> /home/rose/ros2_ws/install/inventory_system/share/inventory_system
[0.690s] copying launch/multilaunch.py -> /home/rose/ros2_ws/install/inventory_system/share/inventory_system/launch
[0.690s] running install_egg_info
[0.695s] removing '/home/rose/ros2_ws/install/inventory_system/lib/python3.11/site-packages/inventory_system-0.0.0-py3.11.egg-info' (and everything under it)
[0.695s] Copying ../../build/inventory_system/inventory_system.egg-info to /home/rose/ros2_ws/install/inventory_system/lib/python3.11/site-packages/inventory_system-0.0.0-py3.11.egg-info
[0.696s] running install_scripts
[0.738s] Installing object_detection script to /home/rose/ros2_ws/install/inventory_system/lib/inventory_system
[0.738s] Installing video_publisher script to /home/rose/ros2_ws/install/inventory_system/lib/inventory_system
[0.738s] writing list of installed files to '/home/rose/ros2_ws/build/inventory_system/install.log'
[0.759s] Invoked command in '/home/rose/ros2_ws/src/inventory_system' returned '0': CONDA_PROMPT_MODIFIER=(ros2_ws) PYTHONPATH=/home/rose/ros2_ws/build/inventory_system/prefix_override:/home/rose/miniconda3/envs/ros2_ws/lib/python3.11/site-packages/colcon_core/task/python/colcon_distutils_commands:/home/rose/ros2_ws/install/inventory_system/lib/python3.11/site-packages:${PYTHONPATH} /home/rose/miniconda3/envs/ros2_ws/bin/python3.11 -W ignore:setup.py install is deprecated setup.py egg_info --egg-base ../../build/inventory_system build --build-base /home/rose/ros2_ws/build/inventory_system/build install --record /home/rose/ros2_ws/build/inventory_system/install.log --single-version-externally-managed install_data
