/home/rose/miniconda3/envs/ros2_ws/lib/python3.10/site-packages/setuptools/_distutils/dist.py:261: UserWarning: Unknown distribution option: 'tests_require'
  warnings.warn(msg)
running egg_info
writing ../../build/inventory_system/inventory_system.egg-info/PKG-INFO
writing dependency_links to ../../build/inventory_system/inventory_system.egg-info/dependency_links.txt
writing entry points to ../../build/inventory_system/inventory_system.egg-info/entry_points.txt
writing requirements to ../../build/inventory_system/inventory_system.egg-info/requires.txt
writing top-level names to ../../build/inventory_system/inventory_system.egg-info/top_level.txt
writing manifest file '../../build/inventory_system/inventory_system.egg-info/SOURCES.txt'
running build
running build_py
copying inventory_system/object_detection_node.py -> /home/rose/ros2_ws/build/inventory_system/build/lib/inventory_system
copying inventory_system/video_publisher.py -> /home/rose/ros2_ws/build/inventory_system/build/lib/inventory_system
copying inventory_system/__init__.py -> /home/rose/ros2_ws/build/inventory_system/build/lib/inventory_system
running install
running install_lib
running install_data
copying resource/inventory_system -> /home/rose/ros2_ws/install/inventory_system/share/ament_index/resource_index/packages
copying package.xml -> /home/rose/ros2_ws/install/inventory_system/share/inventory_system
copying launch/multilaunch.py -> /home/rose/ros2_ws/install/inventory_system/share/inventory_system/launch
running install_egg_info
removing '/home/rose/ros2_ws/install/inventory_system/lib/python3.10/site-packages/inventory_system-0.0.0-py3.10.egg-info' (and everything under it)
Copying ../../build/inventory_system/inventory_system.egg-info to /home/rose/ros2_ws/install/inventory_system/lib/python3.10/site-packages/inventory_system-0.0.0-py3.10.egg-info
running install_scripts
Installing object_detection script to /home/rose/ros2_ws/install/inventory_system/lib/inventory_system
Installing video_publisher script to /home/rose/ros2_ws/install/inventory_system/lib/inventory_system
writing list of installed files to '/home/rose/ros2_ws/build/inventory_system/install.log'
