-- Install configuration: ""
-- Up-to-date: /home/rose/ros2_ws/install/sqlite3_vendor/share/sqlite3_vendor/cmake
-- Up-to-date: /home/rose/ros2_ws/install/sqlite3_vendor/share/sqlite3_vendor/cmake/Modules
-- Up-to-date: /home/rose/ros2_ws/install/sqlite3_vendor/share/sqlite3_vendor/cmake/Modules/FindSQLite3.cmake
-- Up-to-date: /home/rose/ros2_ws/install/sqlite3_vendor/share/ament_index/resource_index/package_run_dependencies/sqlite3_vendor
-- Up-to-date: /home/rose/ros2_ws/install/sqlite3_vendor/share/ament_index/resource_index/parent_prefix_path/sqlite3_vendor
-- Up-to-date: /home/rose/ros2_ws/install/sqlite3_vendor/share/sqlite3_vendor/environment/ament_prefix_path.sh
-- Up-to-date: /home/rose/ros2_ws/install/sqlite3_vendor/share/sqlite3_vendor/environment/ament_prefix_path.dsv
-- Up-to-date: /home/rose/ros2_ws/install/sqlite3_vendor/share/sqlite3_vendor/environment/path.sh
-- Up-to-date: /home/rose/ros2_ws/install/sqlite3_vendor/share/sqlite3_vendor/environment/path.dsv
-- Up-to-date: /home/rose/ros2_ws/install/sqlite3_vendor/share/sqlite3_vendor/local_setup.bash
-- Up-to-date: /home/rose/ros2_ws/install/sqlite3_vendor/share/sqlite3_vendor/local_setup.sh
-- Up-to-date: /home/rose/ros2_ws/install/sqlite3_vendor/share/sqlite3_vendor/local_setup.zsh
-- Up-to-date: /home/rose/ros2_ws/install/sqlite3_vendor/share/sqlite3_vendor/local_setup.dsv
-- Installing: /home/rose/ros2_ws/install/sqlite3_vendor/share/sqlite3_vendor/package.dsv
-- Up-to-date: /home/rose/ros2_ws/install/sqlite3_vendor/share/ament_index/resource_index/packages/sqlite3_vendor
-- Up-to-date: /home/rose/ros2_ws/install/sqlite3_vendor/share/sqlite3_vendor/cmake/sqlite3_vendor-extras.cmake
-- Up-to-date: /home/rose/ros2_ws/install/sqlite3_vendor/share/sqlite3_vendor/cmake/sqlite3_vendorConfig.cmake
-- Up-to-date: /home/rose/ros2_ws/install/sqlite3_vendor/share/sqlite3_vendor/cmake/sqlite3_vendorConfig-version.cmake
-- Up-to-date: /home/rose/ros2_ws/install/sqlite3_vendor/share/sqlite3_vendor/package.xml
