[0.067s] Invoking command in '/home/rose/ros2_ws/build/sqlite3_vendor': CMAKE_PREFIX_PATH=${CMAKE_PREFIX_PATH}:/home/rose/ros2_ws/install/inventory_system:/opt/ros/humble CONDA_PROMPT_MODIFIER=(ros2_ws) /usr/bin/cmake --build /home/rose/ros2_ws/build/sqlite3_vendor -- -j16 -l16
[0.353s] Invoked command in '/home/rose/ros2_ws/build/sqlite3_vendor' returned '0': CMAKE_PREFIX_PATH=${CMAKE_PREFIX_PATH}:/home/rose/ros2_ws/install/inventory_system:/opt/ros/humble CONDA_PROMPT_MODIFIER=(ros2_ws) /usr/bin/cmake --build /home/rose/ros2_ws/build/sqlite3_vendor -- -j16 -l16
[0.398s] Invoking command in '/home/rose/ros2_ws/build/sqlite3_vendor': CMAKE_PREFIX_PATH=${CMAKE_PREFIX_PATH}:/home/rose/ros2_ws/install/inventory_system:/opt/ros/humble CONDA_PROMPT_MODIFIER=(ros2_ws) /usr/bin/cmake --install /home/rose/ros2_ws/build/sqlite3_vendor
[0.443s] -- Install configuration: ""
[0.444s] -- Up-to-date: /home/rose/ros2_ws/install/sqlite3_vendor/share/sqlite3_vendor/cmake
[0.444s] -- Up-to-date: /home/rose/ros2_ws/install/sqlite3_vendor/share/sqlite3_vendor/cmake/Modules
[0.445s] -- Up-to-date: /home/rose/ros2_ws/install/sqlite3_vendor/share/sqlite3_vendor/cmake/Modules/FindSQLite3.cmake
[0.445s] -- Up-to-date: /home/rose/ros2_ws/install/sqlite3_vendor/share/ament_index/resource_index/package_run_dependencies/sqlite3_vendor
[0.445s] -- Up-to-date: /home/rose/ros2_ws/install/sqlite3_vendor/share/ament_index/resource_index/parent_prefix_path/sqlite3_vendor
[0.446s] -- Up-to-date: /home/rose/ros2_ws/install/sqlite3_vendor/share/sqlite3_vendor/environment/ament_prefix_path.sh
[0.447s] -- Up-to-date: /home/rose/ros2_ws/install/sqlite3_vendor/share/sqlite3_vendor/environment/ament_prefix_path.dsv
[0.447s] -- Up-to-date: /home/rose/ros2_ws/install/sqlite3_vendor/share/sqlite3_vendor/environment/path.sh
[0.448s] -- Up-to-date: /home/rose/ros2_ws/install/sqlite3_vendor/share/sqlite3_vendor/environment/path.dsv
[0.448s] -- Up-to-date: /home/rose/ros2_ws/install/sqlite3_vendor/share/sqlite3_vendor/local_setup.bash
[0.449s] -- Up-to-date: /home/rose/ros2_ws/install/sqlite3_vendor/share/sqlite3_vendor/local_setup.sh
[0.449s] -- Up-to-date: /home/rose/ros2_ws/install/sqlite3_vendor/share/sqlite3_vendor/local_setup.zsh
[0.450s] -- Up-to-date: /home/rose/ros2_ws/install/sqlite3_vendor/share/sqlite3_vendor/local_setup.dsv
[0.451s] -- Installing: /home/rose/ros2_ws/install/sqlite3_vendor/share/sqlite3_vendor/package.dsv
[0.451s] -- Up-to-date: /home/rose/ros2_ws/install/sqlite3_vendor/share/ament_index/resource_index/packages/sqlite3_vendor
[0.451s] -- Up-to-date: /home/rose/ros2_ws/install/sqlite3_vendor/share/sqlite3_vendor/cmake/sqlite3_vendor-extras.cmake
[0.451s] -- Up-to-date: /home/rose/ros2_ws/install/sqlite3_vendor/share/sqlite3_vendor/cmake/sqlite3_vendorConfig.cmake
[0.452s] -- Up-to-date: /home/rose/ros2_ws/install/sqlite3_vendor/share/sqlite3_vendor/cmake/sqlite3_vendorConfig-version.cmake
[0.452s] -- Up-to-date: /home/rose/ros2_ws/install/sqlite3_vendor/share/sqlite3_vendor/package.xml
[0.488s] Invoked command in '/home/rose/ros2_ws/build/sqlite3_vendor' returned '0': CMAKE_PREFIX_PATH=${CMAKE_PREFIX_PATH}:/home/rose/ros2_ws/install/inventory_system:/opt/ros/humble CONDA_PROMPT_MODIFIER=(ros2_ws) /usr/bin/cmake --install /home/rose/ros2_ws/build/sqlite3_vendor
