[0.423s] Invoking command in '/home/rose/ros2_ws/src/inventory_system': CONDA_PROMPT_MODIFIER=(ros2_ws) PYTHONPATH=/home/rose/ros2_ws/build/inventory_system/prefix_override:/usr/lib/python3/dist-packages/colcon_core/task/python/colcon_distutils_commands:/home/rose/ros2_ws/install/inventory_system/lib/python3.10/site-packages:${PYTHONPATH} /usr/bin/python3 -W ignore:setup.py install is deprecated setup.py egg_info --egg-base ../../build/inventory_system build --build-base /home/rose/ros2_ws/build/inventory_system/build install --record /home/rose/ros2_ws/build/inventory_system/install.log --single-version-externally-managed install_data
[0.503s] /home/rose/miniconda3/envs/ros2_ws/lib/python3.10/site-packages/setuptools/_distutils/dist.py:261: UserWarning: Unknown distribution option: 'tests_require'
[0.503s]   warnings.warn(msg)
[0.556s] running egg_info
[0.563s] writing ../../build/inventory_system/inventory_system.egg-info/PKG-INFO
[0.564s] writing dependency_links to ../../build/inventory_system/inventory_system.egg-info/dependency_links.txt
[0.564s] writing entry points to ../../build/inventory_system/inventory_system.egg-info/entry_points.txt
[0.565s] writing requirements to ../../build/inventory_system/inventory_system.egg-info/requires.txt
[0.565s] writing top-level names to ../../build/inventory_system/inventory_system.egg-info/top_level.txt
[0.626s] writing manifest file '../../build/inventory_system/inventory_system.egg-info/SOURCES.txt'
[0.626s] running build
[0.627s] running build_py
[0.627s] copying inventory_system/object_detection_node.py -> /home/rose/ros2_ws/build/inventory_system/build/lib/inventory_system
[0.627s] copying inventory_system/video_publisher.py -> /home/rose/ros2_ws/build/inventory_system/build/lib/inventory_system
[0.627s] copying inventory_system/__init__.py -> /home/rose/ros2_ws/build/inventory_system/build/lib/inventory_system
[0.627s] running install
[0.629s] running install_lib
[0.639s] running install_data
[0.640s] copying resource/inventory_system -> /home/rose/ros2_ws/install/inventory_system/share/ament_index/resource_index/packages
[0.640s] copying package.xml -> /home/rose/ros2_ws/install/inventory_system/share/inventory_system
[0.640s] copying launch/multilaunch.py -> /home/rose/ros2_ws/install/inventory_system/share/inventory_system/launch
[0.640s] running install_egg_info
[0.647s] removing '/home/rose/ros2_ws/install/inventory_system/lib/python3.10/site-packages/inventory_system-0.0.0-py3.10.egg-info' (and everything under it)
[0.647s] Copying ../../build/inventory_system/inventory_system.egg-info to /home/rose/ros2_ws/install/inventory_system/lib/python3.10/site-packages/inventory_system-0.0.0-py3.10.egg-info
[0.648s] running install_scripts
[0.710s] Installing object_detection script to /home/rose/ros2_ws/install/inventory_system/lib/inventory_system
[0.710s] Installing video_publisher script to /home/rose/ros2_ws/install/inventory_system/lib/inventory_system
[0.710s] writing list of installed files to '/home/rose/ros2_ws/build/inventory_system/install.log'
[0.752s] Invoked command in '/home/rose/ros2_ws/src/inventory_system' returned '0': CONDA_PROMPT_MODIFIER=(ros2_ws) PYTHONPATH=/home/rose/ros2_ws/build/inventory_system/prefix_override:/usr/lib/python3/dist-packages/colcon_core/task/python/colcon_distutils_commands:/home/rose/ros2_ws/install/inventory_system/lib/python3.10/site-packages:${PYTHONPATH} /usr/bin/python3 -W ignore:setup.py install is deprecated setup.py egg_info --egg-base ../../build/inventory_system build --build-base /home/rose/ros2_ws/build/inventory_system/build install --record /home/rose/ros2_ws/build/inventory_system/install.log --single-version-externally-managed install_data
