/home/rose/miniconda3/envs/ros2_ws/lib/python3.11/site-packages/setuptools/_distutils/dist.py:268: UserWarning: Unknown distribution option: 'tests_require'
  warnings.warn(msg)
running egg_info
creating ../../build/inventory_system/inventory_system.egg-info
writing ../../build/inventory_system/inventory_system.egg-info/PKG-INFO
writing dependency_links to ../../build/inventory_system/inventory_system.egg-info/dependency_links.txt
writing requirements to ../../build/inventory_system/inventory_system.egg-info/requires.txt
writing top-level names to ../../build/inventory_system/inventory_system.egg-info/top_level.txt
writing manifest file '../../build/inventory_system/inventory_system.egg-info/SOURCES.txt'
reading manifest file '../../build/inventory_system/inventory_system.egg-info/SOURCES.txt'
writing manifest file '../../build/inventory_system/inventory_system.egg-info/SOURCES.txt'
running build
running build_py
creating /home/rose/ros2_ws/build/inventory_system/build
creating /home/rose/ros2_ws/build/inventory_system/build/lib
creating /home/rose/ros2_ws/build/inventory_system/build/lib/inventory_system
copying inventory_system/__init__.py -> /home/rose/ros2_ws/build/inventory_system/build/lib/inventory_system
running install
running install_lib
creating /home/rose/ros2_ws/install/inventory_system/lib/python3.11/site-packages/inventory_system
copying /home/rose/ros2_ws/build/inventory_system/build/lib/inventory_system/__init__.py -> /home/rose/ros2_ws/install/inventory_system/lib/python3.11/site-packages/inventory_system
byte-compiling /home/rose/ros2_ws/install/inventory_system/lib/python3.11/site-packages/inventory_system/__init__.py to __init__.cpython-311.pyc
running install_data
creating /home/rose/ros2_ws/install/inventory_system/share/ament_index
creating /home/rose/ros2_ws/install/inventory_system/share/ament_index/resource_index
creating /home/rose/ros2_ws/install/inventory_system/share/ament_index/resource_index/packages
copying resource/inventory_system -> /home/rose/ros2_ws/install/inventory_system/share/ament_index/resource_index/packages
copying package.xml -> /home/rose/ros2_ws/install/inventory_system/share/inventory_system
running install_egg_info
Copying ../../build/inventory_system/inventory_system.egg-info to /home/rose/ros2_ws/install/inventory_system/lib/python3.11/site-packages/inventory_system-0.0.0-py3.11.egg-info
running install_scripts
writing list of installed files to '/home/rose/ros2_ws/build/inventory_system/install.log'
