[0.623s] Invoking command in '/home/rose/ros2_ws/src/inventory_system': CONDA_PROMPT_MODIFIER=(ros2_ws) PYTHONPATH=/home/rose/ros2_ws/build/inventory_system/prefix_override:/home/rose/miniconda3/envs/ros2_ws/lib/python3.11/site-packages/colcon_core/task/python/colcon_distutils_commands:/home/rose/ros2_ws/install/inventory_system/lib/python3.11/site-packages:${PYTHONPATH} /home/rose/miniconda3/envs/ros2_ws/bin/python3.11 -W ignore:setup.py install is deprecated setup.py egg_info --egg-base ../../build/inventory_system build --build-base /home/rose/ros2_ws/build/inventory_system/build install --record /home/rose/ros2_ws/build/inventory_system/install.log --single-version-externally-managed install_data
[0.752s] /home/rose/miniconda3/envs/ros2_ws/lib/python3.11/site-packages/setuptools/_distutils/dist.py:268: UserWarning: Unknown distribution option: 'tests_require'
[0.752s]   warnings.warn(msg)
[0.803s] running egg_info
[0.804s] creating ../../build/inventory_system/inventory_system.egg-info
[0.813s] writing ../../build/inventory_system/inventory_system.egg-info/PKG-INFO
[0.814s] writing dependency_links to ../../build/inventory_system/inventory_system.egg-info/dependency_links.txt
[0.814s] writing requirements to ../../build/inventory_system/inventory_system.egg-info/requires.txt
[0.814s] writing top-level names to ../../build/inventory_system/inventory_system.egg-info/top_level.txt
[0.815s] writing manifest file '../../build/inventory_system/inventory_system.egg-info/SOURCES.txt'
[0.841s] reading manifest file '../../build/inventory_system/inventory_system.egg-info/SOURCES.txt'
[0.842s] writing manifest file '../../build/inventory_system/inventory_system.egg-info/SOURCES.txt'
[0.842s] running build
[0.843s] running build_py
[0.843s] creating /home/rose/ros2_ws/build/inventory_system/build
[0.844s] creating /home/rose/ros2_ws/build/inventory_system/build/lib
[0.844s] creating /home/rose/ros2_ws/build/inventory_system/build/lib/inventory_system
[0.844s] copying inventory_system/__init__.py -> /home/rose/ros2_ws/build/inventory_system/build/lib/inventory_system
[0.845s] running install
[0.848s] running install_lib
[0.855s] creating /home/rose/ros2_ws/install/inventory_system/lib/python3.11/site-packages/inventory_system
[0.855s] copying /home/rose/ros2_ws/build/inventory_system/build/lib/inventory_system/__init__.py -> /home/rose/ros2_ws/install/inventory_system/lib/python3.11/site-packages/inventory_system
[0.855s] byte-compiling /home/rose/ros2_ws/install/inventory_system/lib/python3.11/site-packages/inventory_system/__init__.py to __init__.cpython-311.pyc
[0.856s] running install_data
[0.856s] creating /home/rose/ros2_ws/install/inventory_system/share/ament_index
[0.856s] creating /home/rose/ros2_ws/install/inventory_system/share/ament_index/resource_index
[0.856s] creating /home/rose/ros2_ws/install/inventory_system/share/ament_index/resource_index/packages
[0.857s] copying resource/inventory_system -> /home/rose/ros2_ws/install/inventory_system/share/ament_index/resource_index/packages
[0.857s] copying package.xml -> /home/rose/ros2_ws/install/inventory_system/share/inventory_system
[0.857s] running install_egg_info
[0.864s] Copying ../../build/inventory_system/inventory_system.egg-info to /home/rose/ros2_ws/install/inventory_system/lib/python3.11/site-packages/inventory_system-0.0.0-py3.11.egg-info
[0.866s] running install_scripts
[0.915s] writing list of installed files to '/home/rose/ros2_ws/build/inventory_system/install.log'
[0.955s] Invoked command in '/home/rose/ros2_ws/src/inventory_system' returned '0': CONDA_PROMPT_MODIFIER=(ros2_ws) PYTHONPATH=/home/rose/ros2_ws/build/inventory_system/prefix_override:/home/rose/miniconda3/envs/ros2_ws/lib/python3.11/site-packages/colcon_core/task/python/colcon_distutils_commands:/home/rose/ros2_ws/install/inventory_system/lib/python3.11/site-packages:${PYTHONPATH} /home/rose/miniconda3/envs/ros2_ws/bin/python3.11 -W ignore:setup.py install is deprecated setup.py egg_info --egg-base ../../build/inventory_system build --build-base /home/rose/ros2_ws/build/inventory_system/build install --record /home/rose/ros2_ws/build/inventory_system/install.log --single-version-externally-managed install_data
