-- Install configuration: ""
-- Installing: /home/rose/ros2_ws/install/sqlite3_vendor/share/sqlite3_vendor/cmake
-- Installing: /home/rose/ros2_ws/install/sqlite3_vendor/share/sqlite3_vendor/cmake/Modules
-- Installing: /home/rose/ros2_ws/install/sqlite3_vendor/share/sqlite3_vendor/cmake/Modules/FindSQLite3.cmake
-- Installing: /home/rose/ros2_ws/install/sqlite3_vendor/share/ament_index/resource_index/package_run_dependencies/sqlite3_vendor
-- Installing: /home/rose/ros2_ws/install/sqlite3_vendor/share/ament_index/resource_index/parent_prefix_path/sqlite3_vendor
-- Installing: /home/rose/ros2_ws/install/sqlite3_vendor/share/sqlite3_vendor/environment/ament_prefix_path.sh
-- Installing: /home/rose/ros2_ws/install/sqlite3_vendor/share/sqlite3_vendor/environment/ament_prefix_path.dsv
-- Installing: /home/rose/ros2_ws/install/sqlite3_vendor/share/sqlite3_vendor/environment/path.sh
-- Installing: /home/rose/ros2_ws/install/sqlite3_vendor/share/sqlite3_vendor/environment/path.dsv
-- Installing: /home/rose/ros2_ws/install/sqlite3_vendor/share/sqlite3_vendor/local_setup.bash
-- Installing: /home/rose/ros2_ws/install/sqlite3_vendor/share/sqlite3_vendor/local_setup.sh
-- Installing: /home/rose/ros2_ws/install/sqlite3_vendor/share/sqlite3_vendor/local_setup.zsh
-- Installing: /home/rose/ros2_ws/install/sqlite3_vendor/share/sqlite3_vendor/local_setup.dsv
-- Installing: /home/rose/ros2_ws/install/sqlite3_vendor/share/sqlite3_vendor/package.dsv
-- Installing: /home/rose/ros2_ws/install/sqlite3_vendor/share/ament_index/resource_index/packages/sqlite3_vendor
-- Installing: /home/rose/ros2_ws/install/sqlite3_vendor/share/sqlite3_vendor/cmake/sqlite3_vendor-extras.cmake
-- Installing: /home/rose/ros2_ws/install/sqlite3_vendor/share/sqlite3_vendor/cmake/sqlite3_vendorConfig.cmake
-- Installing: /home/rose/ros2_ws/install/sqlite3_vendor/share/sqlite3_vendor/cmake/sqlite3_vendorConfig-version.cmake
-- Installing: /home/rose/ros2_ws/install/sqlite3_vendor/share/sqlite3_vendor/package.xml
